
> notes-platform@0.1.0 dev
> node scripts/copy-pdf-worker.js && next dev

Copying /app/node_modules/pdfjs-dist/build/pdf.worker.min.mjs to /app/public/pdf.worker.min.mjs
PDF worker copied successfully!
â–˛ Next.js 16.1.3 (Turbopack)
- Local:         http://localhost:3000
- Network:       http://192.168.0.2:3000
- Environments: .env
- Experiments (use with caution):
  Â· serverActions

âś“ Starting...
âš  The "middleware" file convention is deprecated. Please use "proxy" instead. Learn more: https://nextjs.org/docs/messages/middleware-to-proxy
âś“ Ready in 3.5s
[31m[auth][error][0m MissingSecret: Please define a `secret`. Read more at https://errors.authjs.dev#missingsecret
    at assertConfig (/app/.next/dev/server/edge/chunks/97170_@auth_core_7dc8ed36._.js:513:16)
    at Auth (/app/.next/dev/server/edge/chunks/97170_@auth_core_7dc8ed36._.js:5331:242)
â—‹ Compiling /courses ...
 GET /courses 200 in 5.0s (compile: 4.3s, proxy.ts: 293ms, render: 428ms)
â—‹ Compiling /api/auth/[...nextauth] ...
 GET /api/auth/session 200 in 3.7s
 GET /api/trpc/auth.getMe,course.getAll?batch=1&input=%7B%220%22%3A%7B%22json%22%3Anull%2C%22meta%22%3A%7B%22values%22%3A%5B%22undefined%22%5D%2C%22v%22%3A1%7D%7D%2C%221%22%3A%7B%22json%22%3Anull%2C%22meta%22%3A%7B%22values%22%3A%5B%22undefined%22%5D%2C%22v%22%3A1%7D%7D%7D 200 in 3.6s
[31m[auth][error][0m MissingSecret: Please define a `secret`. Read more at https://errors.authjs.dev#missingsecret
    at assertConfig (/app/.next/dev/server/chunks/97170_@auth_core_9d8c5509._.js:513:16)
    at Auth (/app/.next/dev/server/chunks/97170_@auth_core_9d8c5509._.js:5330:236)
    at process.processTicksAndRejections (node:internal/process/task_queues:103:5)
    at async AppRouteRouteModule.do (/app/node_modules/next/dist/compiled/next-server/app-route-turbo.runtime.dev.js:5:37866)
[31m[auth][error][0m MissingSecret: Please define a `secret`. Read more at https://errors.authjs.dev#missingsecret
    at assertConfig (/app/.next/dev/server/chunks/97170_@auth_core_9d8c5509._.js:513:16)
    at Auth (/app/.next/dev/server/chunks/97170_@auth_core_9d8c5509._.js:5330:236)
âťŚ tRPC failed on course.getAll:
Invalid `ctx.prisma.course.findMany()` invocation in
/app/.next/dev/server/chunks/[root-of-the-server]__980ded2c._.js:1304:34

  1301 const courseRouter = (0, __TURBOPACK__imported__module__$5b$project$5d2f$src$2f$server$2f$api$2f$trpc$2e$ts__$5b$app$2d$route$5d$__$28$ecmascript$29$__["createTRPCRouter"])({
  1302     // Get all courses, optionally grouped by branch (logic handled in frontend usually, but we return flat list here)
  1303     getAll: __TURBOPACK__imported__module__$5b$project$5d2f$src$2f$server$2f$api$2f$trpc$2e$ts__$5b$app$2d$route$5d$__$28$ecmascript$29$__["publicProcedure"].query(async ({ ctx })=>{
â†’ 1304         return ctx.prisma.course.findMany(
Can't reach database server at `localhost:5432`

Please make sure your database server is running at `localhost:5432`.
[31m[auth][error][0m MissingSecret: Please define a `secret`. Read more at https://errors.authjs.dev#missingsecret
    at assertConfig (/app/.next/dev/server/edge/chunks/97170_@auth_core_7dc8ed36._.js:513:16)
    at Auth (/app/.next/dev/server/edge/chunks/97170_@auth_core_7dc8ed36._.js:5331:242)
â—‹ Compiling /projects ...
 GET /projects 200 in 12.2s (compile: 11.3s, proxy.ts: 553ms, render: 354ms)
[31m[auth][error][0m MissingSecret: Please define a `secret`. Read more at https://errors.authjs.dev#missingsecret
    at assertConfig (/app/.next/dev/server/chunks/97170_@auth_core_9d8c5509._.js:513:16)
    at Auth (/app/.next/dev/server/chunks/97170_@auth_core_9d8c5509._.js:5330:236)
    at async AppRouteRouteModule.do (/app/node_modules/next/dist/compiled/next-server/app-route-turbo.runtime.dev.js:5:37866)
 GET /api/auth/session 500 in 510ms (compile: 477ms, render: 33ms)
[31m[auth][error][0m MissingSecret: Please define a `secret`. Read more at https://errors.authjs.dev#missingsecret
    at assertConfig (/app/.next/dev/server/chunks/97170_@auth_core_9d8c5509._.js:513:16)
    at Auth (/app/.next/dev/server/chunks/97170_@auth_core_9d8c5509._.js:5330:236)
    at async AppRouteRouteModule.do (/app/node_modules/next/dist/compiled/next-server/app-route-turbo.runtime.dev.js:5:37866)
 GET /api/auth/session 500 in 75ms (compile: 17ms, render: 58ms)
[31m[auth][error][0m MissingSecret: Please define a `secret`. Read more at https://errors.authjs.dev#missingsecret
    at assertConfig (/app/.next/dev/server/chunks/97170_@auth_core_9d8c5509._.js:513:16)
    at Auth (/app/.next/dev/server/chunks/97170_@auth_core_9d8c5509._.js:5330:236)
    at async AppRouteRouteModule.do (/app/node_modules/next/dist/compiled/next-server/app-route-turbo.runtime.dev.js:5:37866)
 GET /api/auth/session 500 in 67ms (compile: 18ms, render: 49ms)
[31m[auth][error][0m MissingSecret: Please define a `secret`. Read more at https://errors.authjs.dev#missingsecret
    at assertConfig (/app/.next/dev/server/chunks/97170_@auth_core_9d8c5509._.js:513:16)
    at Auth (/app/.next/dev/server/chunks/97170_@auth_core_9d8c5509._.js:5330:236)
    at async AppRouteRouteModule.do (/app/node_modules/next/dist/compiled/next-server/app-route-turbo.runtime.dev.js:5:37866)
 GET /api/auth/session 500 in 48ms (compile: 5ms, render: 43ms)
[31m[auth][error][0m MissingSecret: Please define a `secret`. Read more at https://errors.authjs.dev#missingsecret
    at assertConfig (/app/.next/dev/server/chunks/97170_@auth_core_9d8c5509._.js:513:16)
    at Auth (/app/.next/dev/server/chunks/97170_@auth_core_9d8c5509._.js:5330:236)
    at async AppRouteRouteModule.do (/app/node_modules/next/dist/compiled/next-server/app-route-turbo.runtime.dev.js:5:37866)
 GET /api/auth/session 500 in 68ms (compile: 45ms, render: 23ms)
[31m[auth][error][0m MissingSecret: Please define a `secret`. Read more at https://errors.authjs.dev#missingsecret
    at assertConfig (/app/.next/dev/server/chunks/97170_@auth_core_9d8c5509._.js:513:16)
    at Auth (/app/.next/dev/server/chunks/97170_@auth_core_9d8c5509._.js:5330:236)
    at async AppRouteRouteModule.do (/app/node_modules/next/dist/compiled/next-server/app-route-turbo.runtime.dev.js:5:37866)
 GET /api/auth/session 500 in 35ms (compile: 13ms, render: 23ms)
[31m[auth][error][0m MissingSecret: Please define a `secret`. Read more at https://errors.authjs.dev#missingsecret
    at assertConfig (/app/.next/dev/server/chunks/97170_@auth_core_9d8c5509._.js:513:16)
    at Auth (/app/.next/dev/server/chunks/97170_@auth_core_9d8c5509._.js:5330:236)
âťŚ tRPC failed on researchProject.getAll: UNAUTHORIZED
 GET /api/trpc/auth.getMe,researchProject.getAll?batch=1&input=%7B%220%22%3A%7B%22json%22%3Anull%2C%22meta%22%3A%7B%22values%22%3A%5B%22undefined%22%5D%2C%22v%22%3A1%7D%7D%2C%221%22%3A%7B%22json%22%3Anull%2C%22meta%22%3A%7B%22values%22%3A%5B%22undefined%22%5D%2C%22v%22%3A1%7D%7D%7D 200 in 2.6s (compile: 2.5s, render: 37ms)
[31m[auth][error][0m MissingSecret: Please define a `secret`. Read more at https://errors.authjs.dev#missingsecret
    at assertConfig (/app/.next/dev/server/chunks/97170_@auth_core_9d8c5509._.js:513:16)
    at Auth (/app/.next/dev/server/chunks/97170_@auth_core_9d8c5509._.js:5330:236)
âťŚ tRPC failed on researchProject.getAll: UNAUTHORIZED
 GET /api/trpc/auth.getMe,researchProject.getAll?batch=1&input=%7B%220%22%3A%7B%22json%22%3Anull%2C%22meta%22%3A%7B%22values%22%3A%5B%22undefined%22%5D%2C%22v%22%3A1%7D%7D%2C%221%22%3A%7B%22json%22%3Anull%2C%22meta%22%3A%7B%22values%22%3A%5B%22undefined%22%5D%2C%22v%22%3A1%7D%7D%7D 200 in 32ms (compile: 7ms, render: 25ms)
[31m[auth][error][0m MissingSecret: Please define a `secret`. Read more at https://errors.authjs.dev#missingsecret
    at assertConfig (/app/.next/dev/server/edge/chunks/97170_@auth_core_7dc8ed36._.js:513:16)
    at Auth (/app/.next/dev/server/edge/chunks/97170_@auth_core_7dc8ed36._.js:5331:242)
 GET /projects 200 in 928ms (compile: 299ms, proxy.ts: 54ms, render: 575ms)
[31m[auth][error][0m MissingSecret: Please define a `secret`. Read more at https://errors.authjs.dev#missingsecret
    at assertConfig (/app/.next/dev/server/chunks/97170_@auth_core_9d8c5509._.js:513:16)
    at Auth (/app/.next/dev/server/chunks/97170_@auth_core_9d8c5509._.js:5330:236)
    at async AppRouteRouteModule.do (/app/node_modules/next/dist/compiled/next-server/app-route-turbo.runtime.dev.js:5:37866)
 GET /api/auth/session 500 in 152ms (compile: 133ms, render: 18ms)
[31m[auth][error][0m MissingSecret: Please define a `secret`. Read more at https://errors.authjs.dev#missingsecret
    at assertConfig (/app/.next/dev/server/chunks/97170_@auth_core_9d8c5509._.js:513:16)
    at Auth (/app/.next/dev/server/chunks/97170_@auth_core_9d8c5509._.js:5330:236)
 GET /api/trpc/auth.getMe?batch=1&input=%7B%220%22%3A%7B%22json%22%3Anull%2C%22meta%22%3A%7B%22values%22%3A%5B%22undefined%22%5D%2C%22v%22%3A1%7D%7D%7D 200 in 92ms (compile: 53ms, render: 39ms)
[31m[auth][error][0m MissingSecret: Please define a `secret`. Read more at https://errors.authjs.dev#missingsecret
    at assertConfig (/app/.next/dev/server/chunks/97170_@auth_core_9d8c5509._.js:513:16)
    at Auth (/app/.next/dev/server/chunks/97170_@auth_core_9d8c5509._.js:5330:236)
    at async AppRouteRouteModule.do (/app/node_modules/next/dist/compiled/next-server/app-route-turbo.runtime.dev.js:5:37866)
 GET /api/auth/session 500 in 38ms (compile: 15ms, render: 23ms)
[31m[auth][error][0m MissingSecret: Please define a `secret`. Read more at https://errors.authjs.dev#missingsecret
    at assertConfig (/app/.next/dev/server/chunks/97170_@auth_core_9d8c5509._.js:513:16)
    at Auth (/app/.next/dev/server/chunks/97170_@auth_core_9d8c5509._.js:5330:236)
 GET /api/trpc/auth.getMe?batch=1&input=%7B%220%22%3A%7B%22json%22%3Anull%2C%22meta%22%3A%7B%22values%22%3A%5B%22undefined%22%5D%2C%22v%22%3A1%7D%7D%7D 200 in 77ms (compile: 16ms, render: 60ms)
[31m[auth][error][0m MissingSecret: Please define a `secret`. Read more at https://errors.authjs.dev#missingsecret
    at assertConfig (/app/.next/dev/server/chunks/97170_@auth_core_9d8c5509._.js:513:16)
    at Auth (/app/.next/dev/server/chunks/97170_@auth_core_9d8c5509._.js:5330:236)
    at async AppRouteRouteModule.do (/app/node_modules/next/dist/compiled/next-server/app-route-turbo.runtime.dev.js:5:37866)
 GET /api/auth/session 500 in 30ms (compile: 10ms, render: 20ms)
[31m[auth][error][0m MissingSecret: Please define a `secret`. Read more at https://errors.authjs.dev#missingsecret
    at assertConfig (/app/.next/dev/server/chunks/97170_@auth_core_9d8c5509._.js:513:16)
    at Auth (/app/.next/dev/server/chunks/97170_@auth_core_9d8c5509._.js:5330:236)
    at async AppRouteRouteModule.do (/app/node_modules/next/dist/compiled/next-server/app-route-turbo.runtime.dev.js:5:37866)
 GET /api/auth/session 500 in 13ms (compile: 3ms, render: 10ms)
[31m[auth][error][0m MissingSecret: Please define a `secret`. Read more at https://errors.authjs.dev#missingsecret
    at assertConfig (/app/.next/dev/server/chunks/97170_@auth_core_9d8c5509._.js:513:16)
    at Auth (/app/.next/dev/server/chunks/97170_@auth_core_9d8c5509._.js:5330:236)
    at async AppRouteRouteModule.do (/app/node_modules/next/dist/compiled/next-server/app-route-turbo.runtime.dev.js:5:37866)
 GET /api/auth/session 500 in 24ms (compile: 4ms, render: 19ms)
[31m[auth][error][0m MissingSecret: Please define a `secret`. Read more at https://errors.authjs.dev#missingsecret
    at assertConfig (/app/.next/dev/server/chunks/97170_@auth_core_9d8c5509._.js:513:16)
    at Auth (/app/.next/dev/server/chunks/97170_@auth_core_9d8c5509._.js:5330:236)
    at async AppRouteRouteModule.do (/app/node_modules/next/dist/compiled/next-server/app-route-turbo.runtime.dev.js:5:37866)
 GET /api/auth/session 500 in 12ms (compile: 3ms, render: 9ms)
